[10-Aug-2021 21:19:28 UTC] PHP Parse error:  syntax error, unexpected '}', expecting ',' or ';' in C:\Users\kelse\Local Sites\fictional-university\app\public\wp-content\themes\fictional-university-theme\index.php on line 4
[10-Aug-2021 21:31:51 UTC] PHP Parse error:  syntax error, unexpected end of file in C:\Users\kelse\Local Sites\fictional-university\app\public\wp-content\themes\fictional-university-theme\index.php on line 10
[10-Aug-2021 21:32:00 UTC] PHP Parse error:  syntax error, unexpected end of file in C:\Users\kelse\Local Sites\fictional-university\app\public\wp-content\themes\fictional-university-theme\index.php on line 8
[10-Aug-2021 21:34:32 UTC] PHP Fatal error:  Uncaught Error: Call to undefined function permalint() in C:\Users\kelse\Local Sites\fictional-university\app\public\wp-content\themes\fictional-university-theme\index.php:5
Stack trace:
#0 C:\Users\kelse\Local Sites\fictional-university\app\public\wp-includes\template-loader.php(106): include()
#1 C:\Users\kelse\Local Sites\fictional-university\app\public\wp-blog-header.php(19): require_once('C:\\Users\\kelse\\...')
#2 C:\Users\kelse\Local Sites\fictional-university\app\public\index.php(17): require('C:\\Users\\kelse\\...')
#3 {main}
  thrown in C:\Users\kelse\Local Sites\fictional-university\app\public\wp-content\themes\fictional-university-theme\index.php on line 5
[10-Aug-2021 21:34:36 UTC] PHP Fatal error:  Uncaught Error: Call to undefined function permalink() in C:\Users\kelse\Local Sites\fictional-university\app\public\wp-content\themes\fictional-university-theme\index.php:5
Stack trace:
#0 C:\Users\kelse\Local Sites\fictional-university\app\public\wp-includes\template-loader.php(106): include()
#1 C:\Users\kelse\Local Sites\fictional-university\app\public\wp-blog-header.php(19): require_once('C:\\Users\\kelse\\...')
#2 C:\Users\kelse\Local Sites\fictional-university\app\public\index.php(17): require('C:\\Users\\kelse\\...')
#3 {main}
  thrown in C:\Users\kelse\Local Sites\fictional-university\app\public\wp-content\themes\fictional-university-theme\index.php on line 5
[10-Aug-2021 22:06:18 UTC] PHP Parse error:  syntax error, unexpected '}' in C:\Users\kelse\Local Sites\fictional-university\app\public\wp-content\themes\fictional-university-theme\functions.php on line 5
[10-Aug-2021 22:46:11 UTC] PHP Parse error:  syntax error, unexpected ')' in C:\Users\kelse\Local Sites\fictional-university\app\public\wp-content\themes\fictional-university-theme\functions.php on line 5
[10-Aug-2021 22:46:11 UTC] PHP Parse error:  syntax error, unexpected ')' in C:\Users\kelse\Local Sites\fictional-university\app\public\wp-content\themes\fictional-university-theme\functions.php on line 5
[11-Aug-2021 21:07:47 UTC] PHP Fatal error:  Uncaught ArgumentCountError: Too few arguments to function wp_get_post_parent_id(), 0 passed in C:\Users\kelse\Local Sites\fictional-university\app\public\wp-content\themes\fictional-university-theme\page.php on line 20 and exactly 1 expected in C:\Users\kelse\Local Sites\fictional-university\app\public\wp-includes\post.php:7434
Stack trace:
#0 C:\Users\kelse\Local Sites\fictional-university\app\public\wp-content\themes\fictional-university-theme\page.php(20): wp_get_post_parent_id()
#1 C:\Users\kelse\Local Sites\fictional-university\app\public\wp-includes\template-loader.php(106): include('C:\\Users\\kelse\\...')
#2 C:\Users\kelse\Local Sites\fictional-university\app\public\wp-blog-header.php(19): require_once('C:\\Users\\kelse\\...')
#3 C:\Users\kelse\Local Sites\fictional-university\app\public\index.php(17): require('C:\\Users\\kelse\\...')
#4 {main}
  thrown in C:\Users\kelse\Local Sites\fictional-university\app\public\wp-includes\post.php on line 7434
[11-Aug-2021 21:09:14 UTC] PHP Parse error:  syntax error, unexpected '}', expecting ',' or ';' in C:\Users\kelse\Local Sites\fictional-university\app\public\wp-content\themes\fictional-university-theme\page.php on line 23
[11-Aug-2021 21:09:49 UTC] PHP Parse error:  syntax error, unexpected '}', expecting ',' or ';' in C:\Users\kelse\Local Sites\fictional-university\app\public\wp-content\themes\fictional-university-theme\page.php on line 22
